<?xml version="1.0" encoding="utf-8"?><testsuites name="pytest tests"><testsuite name="pytest" errors="0" failures="0" skipped="0" tests="18" time="8.876" timestamp="2026-07-12T15:53:22.600474+00:00" hostname="agent-env-4abd6ad9-2e4f-4285-98f1-34b0d6f6f45e"><testcase classname="tests.test_change_note_4.TestWasteWater" name="test_m004_waste_water_awareness" time="1.717" /><testcase classname="tests.test_change_note_4.TestWasteWater" name="test_m004_awareness_cannot_be_assigned" time="0.207" /><testcase classname="tests.test_change_note_4.TestWasteWater" name="test_m002_waste_water_full_combined" time="0.098" /><testcase classname="tests.test_change_note_4.TestWasteWater" name="test_evaluate_idempotent" time="0.411" /><testcase classname="tests.test_change_note_4.TestWaterCan" name="test_m003_low_water" time="0.095" /><testcase classname="tests.test_change_note_4.TestWaterCan" name="test_m005_combined_water_assign_creates_two_tasks" time="0.213" /><testcase classname="tests.test_change_note_4.TestCupDispenser" name="test_m001_low_cups_alert" time="0.111" /><testcase classname="tests.test_change_note_4.TestCupDispenser" name="test_machine_has_cup_dispenser_slot" time="0.115" /><testcase classname="tests.test_change_note_4.TestLiveTaskProgress" name="test_base_shape" time="0.114" /><testcase classname="tests.test_change_note_4.TestLiveTaskProgress" name="test_filters" time="0.314" /><testcase classname="tests.test_change_note_4.TestCleaningTracking" name="test_list_returns_five_machines" time="0.105" /><testcase classname="tests.test_change_note_4.TestCleaningTracking" name="test_filters" time="0.097" /><testcase classname="tests.test_change_note_4.TestCleaningTracking" name="test_review_actions" time="0.407" /><testcase classname="tests.test_change_note_4.TestPickupList" name="test_no_machine_id_returns_ops02_machines" time="0.446" /><testcase classname="tests.test_change_note_4.TestPickupList" name="test_filter_machine_id" time="0.099" /><testcase classname="tests.test_change_note_4.TestKitchenScanToClean" name="test_cleaning_bins_shape" time="0.432" /><testcase classname="tests.test_change_note_4.TestKitchenScanToClean" name="test_scan_random_qr" time="0.096" /><testcase classname="tests.test_change_note_4.TestCIP" name="test_cip_end_to_end" time="3.693" /></testsuite></testsuites>