<?xml version="1.0" encoding="utf-8"?><testsuites name="pytest tests"><testsuite name="pytest" errors="0" failures="1" skipped="1" tests="36" time="11.043" timestamp="2026-08-14T19:33:31.833237+00:00" hostname="agent-env-4abd6ad9-2e4f-4285-98f1-34b0d6f6f45e"><testcase classname="tests.test_maintenance_e2e.TestLegacyRoleRegression" name="test_kitchen_login_and_pages" time="2.220" /><testcase classname="tests.test_maintenance_e2e.TestLegacyRoleRegression" name="test_operations_login_and_pages" time="0.591"><failure message="AssertionError: /api/operations/bins -&gt; 422 {&quot;detail&quot;:[{&quot;type&quot;:&quot;missing&quot;,&quot;loc&quot;:[&quot;query&quot;,&quot;machine_id&quot;],&quot;msg&quot;:&quot;Field required&quot;,&quot;input&quot;:null,&quot;url&quot;:&quot;https://errors.pydantic.dev/2.13/v/missing&quot;}]}&#10;assert 422 == 200&#10; +  where 422 = &lt;Response [422]&gt;.status_code">E   AssertionError: /api/operations/bins -&gt; 422 {"detail":[{"type":"missing","loc":["query","machine_id"],"msg":"Field required","input":null,"url":"https://errors.pydantic.dev/2.13/v/missing"}]}
    assert 422 == 200
     +  where 422 = &lt;Response [422]&gt;.status_code</failure></testcase><testcase classname="tests.test_maintenance_e2e.TestLegacyRoleRegression" name="test_operations_supervisor_login" time="0.608" /><testcase classname="tests.test_maintenance_e2e.TestMaintenanceMeta" name="test_supervisor_dashboard" time="0.445" /><testcase classname="tests.test_maintenance_e2e.TestMaintenanceMeta" name="test_technician_dashboard" time="0.435" /><testcase classname="tests.test_maintenance_e2e.TestMaintenanceMeta" name="test_machines_are_all_five" time="0.087" /><testcase classname="tests.test_maintenance_e2e.TestMaintenanceMeta" name="test_maintenance_meta" time="0.087" /><testcase classname="tests.test_maintenance_e2e.TestMaintenanceMeta" name="test_workload" time="0.144" /><testcase classname="tests.test_maintenance_e2e.TestMainE2E" name="test_01_find_pump_failure_alert_on_M001" time="0.080" /><testcase classname="tests.test_maintenance_e2e.TestMainE2E" name="test_02_create_wo_from_alert_assign_tech01" time="0.083" /><testcase classname="tests.test_maintenance_e2e.TestMainE2E" name="test_03_tech01_receives_notification" time="0.072" /><testcase classname="tests.test_maintenance_e2e.TestMainE2E" name="test_04_tech_accept_travel_reach" time="0.264" /><testcase classname="tests.test_maintenance_e2e.TestMainE2E" name="test_05_start_diagnosis_blocked_before_qr" time="0.070" /><testcase classname="tests.test_maintenance_e2e.TestMainE2E" name="test_06_wrong_qr_rejected" time="0.072" /><testcase classname="tests.test_maintenance_e2e.TestMainE2E" name="test_07_correct_qr_verified" time="0.068" /><testcase classname="tests.test_maintenance_e2e.TestMainE2E" name="test_08_diagnostics_fail_requires_comment" time="0.064" /><testcase classname="tests.test_maintenance_e2e.TestMainE2E" name="test_09_diagnostics_saved_with_comment" time="0.149" /><testcase classname="tests.test_maintenance_e2e.TestMainE2E" name="test_10_start_repair_then_request_part" time="0.234" /><testcase classname="tests.test_maintenance_e2e.TestMainE2E" name="test_11_supervisor_sees_request_approve_then_issue" time="0.250" /><testcase classname="tests.test_maintenance_e2e.TestMainE2E" name="test_12_tech_receives_part_and_wo_back_to_repair" time="0.217" /><testcase classname="tests.test_maintenance_e2e.TestMainE2E" name="test_13_parts_replacement_decrements_inventory" time="0.212" /><testcase classname="tests.test_maintenance_e2e.TestMainE2E" name="test_14_repair_requires_photos" time="0.067" /><testcase classname="tests.test_maintenance_e2e.TestMainE2E" name="test_15_repair_saved_with_photos" time="0.080" /><testcase classname="tests.test_maintenance_e2e.TestMainE2E" name="test_16_component_test_output" time="0.069" /><testcase classname="tests.test_maintenance_e2e.TestMainE2E" name="test_17_calibration_pass_and_fail" time="0.257" /><testcase classname="tests.test_maintenance_e2e.TestMainE2E" name="test_18_start_testing_and_submit_for_review" time="0.212" /><testcase classname="tests.test_maintenance_e2e.TestMainE2E" name="test_19_supervisor_review_approve_close" time="0.239" /><testcase classname="tests.test_maintenance_e2e.TestMainE2E" name="test_20_service_history_written" time="0.080" /><testcase classname="tests.test_maintenance_e2e.TestGuardsAndCoverage" name="test_submit_review_blocked_without_component_test" time="1.144" /><testcase classname="tests.test_maintenance_e2e.TestGuardsAndCoverage" name="test_critical_alert_ack_blocked_without_wo_or_note" time="0.077"><skipped type="pytest.skip" message="No open critical alert without WO available">/app/backend/tests/test_maintenance_e2e.py:418: No open critical alert without WO available</skipped></testcase><testcase classname="tests.test_maintenance_e2e.TestGuardsAndCoverage" name="test_flag_requires_comment_and_creates_escalation" time="0.305" /><testcase classname="tests.test_maintenance_e2e.TestGuardsAndCoverage" name="test_pm_planner_creates_pm_and_wo" time="0.759" /><testcase classname="tests.test_maintenance_e2e.TestGuardsAndCoverage" name="test_panel_access_logs" time="0.709" /><testcase classname="tests.test_maintenance_e2e.TestGuardsAndCoverage" name="test_calibration_monitoring_and_recalibration" time="0.076" /><testcase classname="tests.test_maintenance_e2e.TestGuardsAndCoverage" name="test_spare_parts_inventory_adjust" time="0.312" /><testcase classname="tests.test_maintenance_e2e.TestGuardsAndCoverage" name="test_calibration_targets_use_standardized_bins" time="0.078" /></testsuite></testsuites>