<?xml version="1.0" encoding="utf-8"?><testsuites name="pytest tests"><testsuite name="pytest" errors="0" failures="0" skipped="0" tests="11" time="3.904" timestamp="2026-07-06T16:40:31.224708+00:00" hostname="agent-env-4abd6ad9-2e4f-4285-98f1-34b0d6f6f45e"><testcase classname="tests.test_bulk_preschedule.TestCatalog" name="test_list_machines" time="2.236" /><testcase classname="tests.test_bulk_preschedule.TestCatalog" name="test_machine_slots_grouped" time="0.116" /><testcase classname="tests.test_bulk_preschedule.TestCatalog" name="test_ingredients_have_refill_qty" time="0.057" /><testcase classname="tests.test_bulk_preschedule.TestBulkOrder" name="test_bulk_order_response_structure" time="2.360" /><testcase classname="tests.test_bulk_preschedule.TestRegressionAlertAssign" name="test_ensure_and_assign_alert" time="0.673" /><testcase classname="tests.test_bulk_preschedule.TestBulkOrder" name="test_liquid_item_auto_fulfill_or_fallback" time="0.373" /><testcase classname="tests.test_bulk_preschedule.TestBulkOrder" name="test_powder_item_requires_kitchen" time="0.000" /><testcase classname="tests.test_bulk_preschedule.TestBulkOrder" name="test_kitchen_prep_requests_grouped_by_bulk_order" time="0.447" /><testcase classname="tests.test_bulk_preschedule.TestBulkOrder" name="test_pickup_list_grouped_by_bulk_order_all_items" time="0.044" /><testcase classname="tests.test_bulk_preschedule.TestBulkOrder" name="test_bulk_order_list_endpoint" time="0.053" /><testcase classname="tests.test_bulk_preschedule.TestBulkOrder" name="test_empty_cart_rejected" time="0.075" /></testsuite></testsuites>